Deleting dir: /Users/glichtman/dev/demisto/content-docs/content-repo/./../docs/reference
Creating dir: /Users/glichtman/dev/demisto/content-docs/content-repo/./../docs/reference
Processing: 29 integrations ...
ERROR: failed processing: /Users/glichtman/dev/demisto/content-docs/content-repo/./.content/Integrations/HelloWorld/README.md. Exception: /Users/glichtman/dev/demisto/content-docs/content-repo/./.content/Integrations/HelloWorld/README.md: is empty.
Traceback (most recent call last):
  File "./gendocs.py", line 127, in create_integration_docs
    doc_infos.append(process_integration_doc(r, integrations_dir))
  File "./gendocs.py", line 81, in process_integration_doc
    raise ValueError(f'{readme_file}: is empty')
ValueError: /Users/glichtman/dev/demisto/content-docs/content-repo/./.content/Integrations/HelloWorld/README.md: is empty
--------------------------
/Users/glichtman/dev/demisto/content-docs/content-repo/./.content/Integrations/AlienVault_OTX_v2/README.md: detect html file
/Users/glichtman/dev/demisto/content-docs/content-repo/./.content/Integrations/Akamai_SIEM/README.md: detect html file
/Users/glichtman/dev/demisto/content-docs/content-repo/./.content/Integrations/AzureSecurityCenter_v2/README.md: detect html file
/Users/glichtman/dev/demisto/content-docs/content-repo/./.content/Integrations/MicrosoftGraphGroups/README.md: detect html file
/Users/glichtman/dev/demisto/content-docs/content-repo/./.content/Integrations/Tanium_v2/README.md: detect html file
/Users/glichtman/dev/demisto/content-docs/content-repo/./.content/Integrations/Exabeam/README.md: detect html file
/Users/glichtman/dev/demisto/content-docs/content-repo/./.content/Integrations/AzureCompute_v2/README.md: detect html file
/Users/glichtman/dev/demisto/content-docs/content-repo/./.content/Integrations/JsonWhoIs/README.md: detect html file
/Users/glichtman/dev/demisto/content-docs/content-repo/./.content/Integrations/ExtraHop_v2/README.md: detect html file
/Users/glichtman/dev/demisto/content-docs/content-repo/./.content/Integrations/SecBI/README.md: detect html file
/Users/glichtman/dev/demisto/content-docs/content-repo/./.content/Integrations/SlashNextPhishingIncidentResponse/README.md: detect html file
/Users/glichtman/dev/demisto/content-docs/content-repo/./.content/Integrations/SMIME_Messaging/README.md: detect html file
/Users/glichtman/dev/demisto/content-docs/content-repo/./.content/Integrations/PaloAltoNetworksCortex/README.md: detect html file
/Users/glichtman/dev/demisto/content-docs/content-repo/./.content/Integrations/PaloAltoNetworks_PAN_OS_EDL_Management/README.md: detect html file
/Users/glichtman/dev/demisto/content-docs/content-repo/./.content/Integrations/Vectra_v2/README.md: detect html file
/Users/glichtman/dev/demisto/content-docs/content-repo/./.content/Integrations/PhishLabsIOC_EIR/README.md: detect html file
/Users/glichtman/dev/demisto/content-docs/content-repo/./.content/Integrations/MicrosoftGraphListener/README.md: detect html file
/Users/glichtman/dev/demisto/content-docs/content-repo/./.content/Integrations/Slack/README.md: detect html file
/Users/glichtman/dev/demisto/content-docs/content-repo/./.content/Integrations/PhishLabsIOC_DRP/README.md: detect html file
/Users/glichtman/dev/demisto/content-docs/content-repo/./.content/Integrations/ARIAPacketIntelligence/README.md: detect html file
/Users/glichtman/dev/demisto/content-docs/content-repo/./.content/Integrations/Gmail/README.md: detect html file
/Users/glichtman/dev/demisto/content-docs/content-repo/./.content/Integrations/ProofpointTAP_v2/readme.md: detect html file
/Users/glichtman/dev/demisto/content-docs/content-repo/./.content/Beta_Integrations/SymantecDLP/README.md: detect html file
/Users/glichtman/dev/demisto/content-docs/content-repo/./.content/Beta_Integrations/SymantecBlueCoatMalwareAnalysis/README.md: detect html file
Success integration docs:
/Users/glichtman/dev/demisto/content-docs/content-repo/./.content/Beta_Integrations/SymantecBlueCoatMalwareAnalysis/README.md
/Users/glichtman/dev/demisto/content-docs/content-repo/./.content/Beta_Integrations/SymantecDLP/README.md
/Users/glichtman/dev/demisto/content-docs/content-repo/./.content/Integrations/ARIAPacketIntelligence/README.md
/Users/glichtman/dev/demisto/content-docs/content-repo/./.content/Integrations/Accessdata/README.md
/Users/glichtman/dev/demisto/content-docs/content-repo/./.content/Integrations/Akamai_SIEM/README.md
/Users/glichtman/dev/demisto/content-docs/content-repo/./.content/Integrations/AlienVault_OTX_v2/README.md
/Users/glichtman/dev/demisto/content-docs/content-repo/./.content/Integrations/AzureCompute_v2/README.md
/Users/glichtman/dev/demisto/content-docs/content-repo/./.content/Integrations/AzureSecurityCenter_v2/README.md
/Users/glichtman/dev/demisto/content-docs/content-repo/./.content/Integrations/DomainTools_Iris/README.md
/Users/glichtman/dev/demisto/content-docs/content-repo/./.content/Integrations/Exabeam/README.md
/Users/glichtman/dev/demisto/content-docs/content-repo/./.content/Integrations/ExtraHop_v2/README.md
/Users/glichtman/dev/demisto/content-docs/content-repo/./.content/Integrations/Flashpoint/README.md
/Users/glichtman/dev/demisto/content-docs/content-repo/./.content/Integrations/Gmail/README.md
/Users/glichtman/dev/demisto/content-docs/content-repo/./.content/Integrations/JsonWhoIs/README.md
/Users/glichtman/dev/demisto/content-docs/content-repo/./.content/Integrations/MicrosoftGraphGroups/README.md
/Users/glichtman/dev/demisto/content-docs/content-repo/./.content/Integrations/MicrosoftGraphListener/README.md
/Users/glichtman/dev/demisto/content-docs/content-repo/./.content/Integrations/PaloAltoNetworksCortex/README.md
/Users/glichtman/dev/demisto/content-docs/content-repo/./.content/Integrations/PaloAltoNetworks_PAN_OS_EDL_Management/README.md
/Users/glichtman/dev/demisto/content-docs/content-repo/./.content/Integrations/PhishLabsIOC_DRP/README.md
/Users/glichtman/dev/demisto/content-docs/content-repo/./.content/Integrations/PhishLabsIOC_EIR/README.md
/Users/glichtman/dev/demisto/content-docs/content-repo/./.content/Integrations/ProofpointTAP_v2/readme.md
/Users/glichtman/dev/demisto/content-docs/content-repo/./.content/Integrations/SMIME_Messaging/README.md
/Users/glichtman/dev/demisto/content-docs/content-repo/./.content/Integrations/SecBI/README.md
/Users/glichtman/dev/demisto/content-docs/content-repo/./.content/Integrations/SecurityAdvisor/README.md
/Users/glichtman/dev/demisto/content-docs/content-repo/./.content/Integrations/Slack/README.md
/Users/glichtman/dev/demisto/content-docs/content-repo/./.content/Integrations/SlashNextPhishingIncidentResponse/README.md
/Users/glichtman/dev/demisto/content-docs/content-repo/./.content/Integrations/Tanium_v2/README.md
/Users/glichtman/dev/demisto/content-docs/content-repo/./.content/Integrations/Vectra_v2/README.md

Failed integration docs:
/Users/glichtman/dev/demisto/content-docs/content-repo/./.content/Integrations/HelloWorld/README.md
